<?xml version="1.0" encoding="UTF-8"?>
<!-- Generated by org.testng.reporters.JUnitReportReporter -->
<testsuite hostname="DESKTOP-GDFIP89" name="qsp.Launch" tests="1" failures="0" timestamp="16 Dec 2019 11:49:19 GMT" time="21.490" errors="0">
  <testcase name="test1" time="21.490" classname="qsp.Launch"/>
</testsuite> <!-- qsp.Launch -->
